[2026-05-26T12:17:54.656Z] GET http://localhost:8099/ → 200 (11ms, 32828B)
[2026-05-26T12:17:54.673Z] GET https://fonts.googleapis.com/css2?family=Space+Grotesk:wght@500;700&family=Plus+Jakarta+Sans:wght@400;500;600&family=JetBrains+Mono:wght@500&display=swap → 200 (121ms, ?B)
[2026-05-26T12:17:54.674Z] GET http://localhost:8099/css/style.css → 200 (6ms, 63858B)
[2026-05-26T12:17:54.674Z] GET http://localhost:8099/images/logos/logo-opf.jpg → 200 (12ms, 12868B)
[2026-05-26T12:17:54.674Z] GET http://localhost:8099/images/photos/hero-foudre.webp → 200 (6ms, 24282B)
[2026-05-26T12:17:54.674Z] GET http://localhost:8099/js/main.js → 200 (18ms, 5257B)
[2026-05-26T12:17:54.917Z] GET https://fonts.gstatic.com/s/plusjakartasans/v12/LDIoaomQNQcsA88c7O9yZ4KMCoOg4Ko20yw.woff2 → 200 (109ms, 27348B)
[2026-05-26T12:17:54.917Z] GET https://fonts.gstatic.com/s/spacegrotesk/v22/V8mDoQDjQSkFtoMM3T6r8E7mPbF4Cw.woff2 → 200 (138ms, 22288B)
[2026-05-26T12:17:54.917Z] GET https://fonts.gstatic.com/s/jetbrainsmono/v24/tDbY2o-flEEny0FZhsfKu5WU4zr3E_BX0PnT8RD8-qxTOlOV.woff2 → 200 (99ms, 21832B)
[2026-05-26T12:17:54.922Z] GET http://localhost:8099/images/photos/chantier-01.webp → 200 (2ms, 23922B)
[2026-05-26T12:17:54.922Z] GET http://localhost:8099/images/logos/dehn.png → 200 (2ms, 7750B)
[2026-05-26T12:17:54.922Z] GET http://localhost:8099/images/logos/abb.png → 200 (2ms, 5360B)
[2026-05-26T12:17:54.922Z] GET http://localhost:8099/images/clients/arterris.png → 200 (3ms, 16425B)
[2026-05-26T12:17:54.922Z] GET http://localhost:8099/images/clients/lacroix.png → 200 (3ms, 6208B)
[2026-05-26T12:17:54.922Z] GET http://localhost:8099/images/clients/promash.png → 200 (2ms, 14511B)
[2026-05-26T12:17:54.922Z] GET http://localhost:8099/images/clients/ns.png → 200 (27ms, 10954B)
[2026-05-26T12:17:54.922Z] GET http://localhost:8099/images/clients/pena.png → 200 (27ms, 9522B)
[2026-05-26T12:17:54.922Z] GET http://localhost:8099/images/clients/smectom.png → 200 (27ms, 11296B)
[2026-05-26T12:17:54.922Z] GET http://localhost:8099/images/clients/tryfl.png → 200 (27ms, 6970B)
[2026-05-26T12:17:54.922Z] GET http://localhost:8099/images/clients/client-1.png → 200 (27ms, 10447B)
[2026-05-26T12:17:54.922Z] GET http://localhost:8099/images/clients/client-2.png → 200 (26ms, 7925B)
[2026-05-26T12:17:54.923Z] GET http://localhost:8099/images/clients/client-3.png → 200 (44ms, 15683B)
[2026-05-26T12:17:54.923Z] GET http://localhost:8099/images/clients/client-4.png → 200 (45ms, 8094B)
[2026-05-26T12:17:54.923Z] GET http://localhost:8099/images/clients/client-5.png → 200 (44ms, 15391B)
[2026-05-26T12:17:56.220Z] GET http://localhost:8099/images/clients/client-6.png → 200 (6ms, 5255B)
[2026-05-26T12:18:45.787Z] GET http://localhost:8099/ → 200 (5ms, 32828B)
[2026-05-26T12:18:45.801Z] GET https://fonts.googleapis.com/css2?family=Space+Grotesk:wght@500;700&family=Plus+Jakarta+Sans:wght@400;500;600&family=JetBrains+Mono:wght@500&display=swap → 200 (?ms, 9975B)
[2026-05-26T12:18:45.802Z] GET http://localhost:8099/css/style.css → 200 (18ms, 63898B)
[2026-05-26T12:18:45.802Z] GET http://localhost:8099/images/logos/logo-opf.jpg → 200 (?ms, 12868B)
[2026-05-26T12:18:45.802Z] GET http://localhost:8099/images/photos/hero-foudre.webp → 200 (1ms, 24282B)
[2026-05-26T12:18:45.803Z] GET http://localhost:8099/js/main.js → 200 (2ms, 5257B)
[2026-05-26T12:18:45.809Z] GET http://localhost:8099/images/photos/chantier-01.webp → 200 (1ms, 23922B)
[2026-05-26T12:18:45.810Z] GET http://localhost:8099/images/logos/dehn.png → 200 (?ms, 7750B)
[2026-05-26T12:18:45.810Z] GET http://localhost:8099/images/logos/abb.png → 200 (?ms, 5360B)
[2026-05-26T12:18:45.810Z] GET http://localhost:8099/images/clients/arterris.png → 200 (?ms, 16425B)
[2026-05-26T12:18:45.810Z] GET http://localhost:8099/images/clients/lacroix.png → 200 (5ms, 6208B)
[2026-05-26T12:18:45.815Z] GET http://localhost:8099/images/clients/promash.png → 200 (?ms, 14511B)
[2026-05-26T12:18:45.816Z] GET http://localhost:8099/images/clients/ns.png → 200 (?ms, 10954B)
[2026-05-26T12:18:45.816Z] GET http://localhost:8099/images/clients/pena.png → 200 (?ms, 9522B)
[2026-05-26T12:18:45.816Z] GET http://localhost:8099/images/clients/smectom.png → 200 (?ms, 11296B)
[2026-05-26T12:18:45.817Z] GET http://localhost:8099/images/clients/tryfl.png → 200 (?ms, 6970B)
[2026-05-26T12:18:45.817Z] GET http://localhost:8099/images/clients/client-1.png → 200 (?ms, 10447B)
[2026-05-26T12:18:45.817Z] GET http://localhost:8099/images/clients/client-2.png → 200 (1ms, 7925B)
[2026-05-26T12:18:45.818Z] GET http://localhost:8099/images/clients/client-3.png → 200 (?ms, 15683B)
[2026-05-26T12:18:45.819Z] GET http://localhost:8099/images/clients/client-4.png → 200 (1ms, 8094B)
[2026-05-26T12:18:45.820Z] GET http://localhost:8099/images/clients/client-5.png → 200 (?ms, 15391B)
[2026-05-26T12:18:45.820Z] GET http://localhost:8099/images/clients/client-6.png → 200 (?ms, 5255B)
[2026-05-26T12:18:45.826Z] GET https://fonts.gstatic.com/s/jetbrainsmono/v24/tDbY2o-flEEny0FZhsfKu5WU4zr3E_BX0PnT8RD8-qxTOlOV.woff2 → 200 (?ms, ?B)
[2026-05-26T12:18:45.827Z] GET https://fonts.gstatic.com/s/plusjakartasans/v12/LDIoaomQNQcsA88c7O9yZ4KMCoOg4Ko20yw.woff2 → 200 (?ms, ?B)
[2026-05-26T12:18:45.827Z] GET https://fonts.gstatic.com/s/spacegrotesk/v22/V8mDoQDjQSkFtoMM3T6r8E7mPbF4Cw.woff2 → 200 (?ms, ?B)
